<testsuites id="" name="" tests="24" failures="0" skipped="1" errors="13" time="443.599419">
<testsuite name="auth/login.spec.ts" timestamp="2026-04-19T19:39:11.850Z" hostname="auth-tests" tests="5" failures="0" skipped="0" time="10.362" errors="0">
<testcase name="Login Flow › should login with valid credentials" classname="auth/login.spec.ts" time="2.127">
</testcase>
<testcase name="Login Flow › should show error with invalid credentials" classname="auth/login.spec.ts" time="2.749">
</testcase>
<testcase name="Login Flow › should show validation errors for empty fields" classname="auth/login.spec.ts" time="1.711">
</testcase>
<testcase name="Login Flow › should navigate to register page" classname="auth/login.spec.ts" time="1.71">
</testcase>
<testcase name="Login Flow › should use test login button" classname="auth/login.spec.ts" time="2.065">
</testcase>
</testsuite>
<testsuite name="auth/logout.spec.ts" timestamp="2026-04-19T19:39:11.850Z" hostname="auth-tests" tests="3" failures="0" skipped="0" time="90.228" errors="3">
<testcase name="Logout Flow › should logout successfully" classname="auth/logout.spec.ts" time="30.066">
<system-out>
<![CDATA[
[[ATTACHMENT|auth-logout-Logout-Flow-should-logout-successfully-auth-tests/test-failed-1.png]]

[[ATTACHMENT|auth-logout-Logout-Flow-should-logout-successfully-auth-tests/video.webm]]

[[ATTACHMENT|auth-logout-Logout-Flow-should-logout-successfully-auth-tests/error-context.md]]
]]>
</system-out>
<error message="Test timeout of 30000ms exceeded." type="Error">
<![CDATA[  [auth-tests] › auth/logout.spec.ts:4:3 › Logout Flow › should logout successfully ────────────────

    Test timeout of 30000ms exceeded.

    Error: locator.click: Test timeout of 30000ms exceeded.
    Call log:
      - waiting for getByRole('button', { name: /test user/i })


      4 |   test('should logout successfully', async ({ authenticatedPage }) => {
      5 |     // Click user menu button
    > 6 |     await authenticatedPage.getByRole('button', { name: /test user/i }).click();
        |                                                                         ^
      7 |     
      8 |     // Click logout button
      9 |     await authenticatedPage.getByRole('menuitem', { name: /logout/i }).click();
        at /Users/erik/dev/mealplanner/frontend/e2e/tests/auth/logout.spec.ts:6:73

    attachment #1: screenshot (image/png) ──────────────────────────────────────────────────────────
    ../../test-results/auth-logout-Logout-Flow-should-logout-successfully-auth-tests/test-failed-1.png
    ────────────────────────────────────────────────────────────────────────────────────────────────

    attachment #2: video (video/webm) ──────────────────────────────────────────────────────────────
    ../../test-results/auth-logout-Logout-Flow-should-logout-successfully-auth-tests/video.webm
    ────────────────────────────────────────────────────────────────────────────────────────────────

    Error Context: ../../test-results/auth-logout-Logout-Flow-should-logout-successfully-auth-tests/error-context.md
]]>
</error>
</testcase>
<testcase name="Logout Flow › should not access protected routes after logout" classname="auth/logout.spec.ts" time="30.081">
<system-out>
<![CDATA[
[[ATTACHMENT|auth-logout-Logout-Flow-sh-feaa5-otected-routes-after-logout-auth-tests/test-failed-1.png]]

[[ATTACHMENT|auth-logout-Logout-Flow-sh-feaa5-otected-routes-after-logout-auth-tests/video.webm]]

[[ATTACHMENT|auth-logout-Logout-Flow-sh-feaa5-otected-routes-after-logout-auth-tests/error-context.md]]
]]>
</system-out>
<error message="Test timeout of 30000ms exceeded." type="Error">
<![CDATA[  [auth-tests] › auth/logout.spec.ts:18:3 › Logout Flow › should not access protected routes after logout 

    Test timeout of 30000ms exceeded.

    Error: locator.click: Test timeout of 30000ms exceeded.
    Call log:
      - waiting for getByRole('button', { name: /test user/i })


      18 |   test('should not access protected routes after logout', async ({ authenticatedPage }) => {
      19 |     // Logout
    > 20 |     await authenticatedPage.getByRole('button', { name: /test user/i }).click();
         |                                                                         ^
      21 |     await authenticatedPage.getByRole('menuitem', { name: /logout/i }).click();
      22 |     
      23 |     // Try to access dashboard
        at /Users/erik/dev/mealplanner/frontend/e2e/tests/auth/logout.spec.ts:20:73

    attachment #1: screenshot (image/png) ──────────────────────────────────────────────────────────
    ../../test-results/auth-logout-Logout-Flow-sh-feaa5-otected-routes-after-logout-auth-tests/test-failed-1.png
    ────────────────────────────────────────────────────────────────────────────────────────────────

    attachment #2: video (video/webm) ──────────────────────────────────────────────────────────────
    ../../test-results/auth-logout-Logout-Flow-sh-feaa5-otected-routes-after-logout-auth-tests/video.webm
    ────────────────────────────────────────────────────────────────────────────────────────────────

    Error Context: ../../test-results/auth-logout-Logout-Flow-sh-feaa5-otected-routes-after-logout-auth-tests/error-context.md
]]>
</error>
</testcase>
<testcase name="Logout Flow › should clear session data on logout" classname="auth/logout.spec.ts" time="30.081">
<system-out>
<![CDATA[
[[ATTACHMENT|auth-logout-Logout-Flow-should-clear-session-data-on-logout-auth-tests/test-failed-1.png]]

[[ATTACHMENT|auth-logout-Logout-Flow-should-clear-session-data-on-logout-auth-tests/video.webm]]

[[ATTACHMENT|auth-logout-Logout-Flow-should-clear-session-data-on-logout-auth-tests/error-context.md]]
]]>
</system-out>
<error message="Test timeout of 30000ms exceeded." type="Error">
<![CDATA[  [auth-tests] › auth/logout.spec.ts:30:3 › Logout Flow › should clear session data on logout ──────

    Test timeout of 30000ms exceeded.

    Error: locator.click: Test timeout of 30000ms exceeded.
    Call log:
      - waiting for getByRole('button', { name: /test user/i })


      30 |   test('should clear session data on logout', async ({ authenticatedPage }) => {
      31 |     // Logout
    > 32 |     await authenticatedPage.getByRole('button', { name: /test user/i }).click();
         |                                                                         ^
      33 |     await authenticatedPage.getByRole('menuitem', { name: /logout/i }).click();
      34 |     
      35 |     // Check that auth token is cleared
        at /Users/erik/dev/mealplanner/frontend/e2e/tests/auth/logout.spec.ts:32:73

    attachment #1: screenshot (image/png) ──────────────────────────────────────────────────────────
    ../../test-results/auth-logout-Logout-Flow-should-clear-session-data-on-logout-auth-tests/test-failed-1.png
    ────────────────────────────────────────────────────────────────────────────────────────────────

    attachment #2: video (video/webm) ──────────────────────────────────────────────────────────────
    ../../test-results/auth-logout-Logout-Flow-should-clear-session-data-on-logout-auth-tests/video.webm
    ────────────────────────────────────────────────────────────────────────────────────────────────

    Error Context: ../../test-results/auth-logout-Logout-Flow-should-clear-session-data-on-logout-auth-tests/error-context.md
]]>
</error>
</testcase>
</testsuite>
<testsuite name="recipes/browse.spec.ts" timestamp="2026-04-19T19:39:11.850Z" hostname="authenticated-tests" tests="6" failures="0" skipped="1" time="12.858" errors="0">
<testcase name="Browse Recipes › should display recipe list" classname="recipes/browse.spec.ts" time="2.427">
</testcase>
<testcase name="Browse Recipes › should navigate to recipe detail" classname="recipes/browse.spec.ts" time="2.462">
</testcase>
<testcase name="Browse Recipes › should search recipes" classname="recipes/browse.spec.ts" time="2.98">
</testcase>
<testcase name="Browse Recipes › should sort recipes" classname="recipes/browse.spec.ts">
<properties>
<property name="skip" value="">
</property>
</properties>
<skipped>
</skipped>
</testcase>
<testcase name="Browse Recipes › should paginate through recipes" classname="recipes/browse.spec.ts" time="2.487">
</testcase>
<testcase name="Browse Recipes › should navigate to create recipe page" classname="recipes/browse.spec.ts" time="2.502">
</testcase>
</testsuite>
<testsuite name="recipes/create.spec.ts" timestamp="2026-04-19T19:39:11.850Z" hostname="authenticated-tests" tests="4" failures="0" skipped="0" time="121.937" errors="4">
<testcase name="Create Recipe › should create a new recipe with all fields" classname="recipes/create.spec.ts" time="30.484">
<system-out>
<![CDATA[
[[ATTACHMENT|recipes-create-Create-Reci-bbcd4--new-recipe-with-all-fields-authenticated-tests/test-failed-1.png]]

[[ATTACHMENT|recipes-create-Create-Reci-bbcd4--new-recipe-with-all-fields-authenticated-tests/video.webm]]

[[ATTACHMENT|recipes-create-Create-Reci-bbcd4--new-recipe-with-all-fields-authenticated-tests/error-context.md]]
]]>
</system-out>
<error message="Test timeout of 30000ms exceeded." type="Error">
<![CDATA[  [authenticated-tests] › recipes/create.spec.ts:4:3 › Create Recipe › should create a new recipe with all fields 

    Test timeout of 30000ms exceeded.

    Error: locator.fill: Test timeout of 30000ms exceeded.
    Call log:
      - waiting for getByLabel(/title/i)


       7 |     
       8 |     // Fill in recipe details
    >  9 |     await authenticatedPage.getByLabel(/title/i).fill('E2E Test Recipe');
         |                                                  ^
      10 |     await authenticatedPage.getByLabel(/description/i).fill('A test recipe created by E2E tests');
      11 |     
      12 |     // Fill in cooking details
        at /Users/erik/dev/mealplanner/frontend/e2e/tests/recipes/create.spec.ts:9:50

    attachment #1: screenshot (image/png) ──────────────────────────────────────────────────────────
    ../../test-results/recipes-create-Create-Reci-bbcd4--new-recipe-with-all-fields-authenticated-tests/test-failed-1.png
    ────────────────────────────────────────────────────────────────────────────────────────────────

    attachment #2: video (video/webm) ──────────────────────────────────────────────────────────────
    ../../test-results/recipes-create-Create-Reci-bbcd4--new-recipe-with-all-fields-authenticated-tests/video.webm
    ────────────────────────────────────────────────────────────────────────────────────────────────

    Error Context: ../../test-results/recipes-create-Create-Reci-bbcd4--new-recipe-with-all-fields-authenticated-tests/error-context.md
]]>
</error>
</testcase>
<testcase name="Create Recipe › should show validation errors for required fields" classname="recipes/create.spec.ts" time="30.475">
<system-out>
<![CDATA[
[[ATTACHMENT|recipes-create-Create-Reci-4517b--errors-for-required-fields-authenticated-tests/test-failed-1.png]]

[[ATTACHMENT|recipes-create-Create-Reci-4517b--errors-for-required-fields-authenticated-tests/video.webm]]

[[ATTACHMENT|recipes-create-Create-Reci-4517b--errors-for-required-fields-authenticated-tests/error-context.md]]
]]>
</system-out>
<error message="Test timeout of 30000ms exceeded." type="Error">
<![CDATA[  [authenticated-tests] › recipes/create.spec.ts:37:3 › Create Recipe › should show validation errors for required fields 

    Test timeout of 30000ms exceeded.

    Error: locator.click: Test timeout of 30000ms exceeded.
    Call log:
      - waiting for getByRole('button', { name: /create recipe/i })


      39 |     
      40 |     // Try to submit without filling required fields
    > 41 |     await authenticatedPage.getByRole('button', { name: /create recipe/i }).click();
         |                                                                             ^
      42 |     
      43 |     // Should show validation errors
      44 |     await expect(authenticatedPage.getByText(/title is required/i)).toBeVisible();
        at /Users/erik/dev/mealplanner/frontend/e2e/tests/recipes/create.spec.ts:41:77

    attachment #1: screenshot (image/png) ──────────────────────────────────────────────────────────
    ../../test-results/recipes-create-Create-Reci-4517b--errors-for-required-fields-authenticated-tests/test-failed-1.png
    ────────────────────────────────────────────────────────────────────────────────────────────────

    attachment #2: video (video/webm) ──────────────────────────────────────────────────────────────
    ../../test-results/recipes-create-Create-Reci-4517b--errors-for-required-fields-authenticated-tests/video.webm
    ────────────────────────────────────────────────────────────────────────────────────────────────

    Error Context: ../../test-results/recipes-create-Create-Reci-4517b--errors-for-required-fields-authenticated-tests/error-context.md
]]>
</error>
</testcase>
<testcase name="Create Recipe › should add and remove ingredients" classname="recipes/create.spec.ts" time="30.491">
<system-out>
<![CDATA[
[[ATTACHMENT|recipes-create-Create-Reci-17719--add-and-remove-ingredients-authenticated-tests/test-failed-1.png]]

[[ATTACHMENT|recipes-create-Create-Reci-17719--add-and-remove-ingredients-authenticated-tests/video.webm]]

[[ATTACHMENT|recipes-create-Create-Reci-17719--add-and-remove-ingredients-authenticated-tests/error-context.md]]
]]>
</system-out>
<error message="Test timeout of 30000ms exceeded." type="Error">
<![CDATA[  [authenticated-tests] › recipes/create.spec.ts:48:3 › Create Recipe › should add and remove ingredients 

    Test timeout of 30000ms exceeded.

    Error: locator.click: Test timeout of 30000ms exceeded.
    Call log:
      - waiting for getByRole('button', { name: /add ingredient/i })


      50 |     
      51 |     // Add first ingredient
    > 52 |     await authenticatedPage.getByRole('button', { name: /add ingredient/i }).click();
         |                                                                              ^
      53 |     await authenticatedPage.getByLabel(/ingredient name/i).first().fill('Flour');
      54 |     await authenticatedPage.getByLabel(/quantity/i).first().fill('2');
      55 |     await authenticatedPage.getByLabel(/unit/i).first().fill('cups');
        at /Users/erik/dev/mealplanner/frontend/e2e/tests/recipes/create.spec.ts:52:78

    attachment #1: screenshot (image/png) ──────────────────────────────────────────────────────────
    ../../test-results/recipes-create-Create-Reci-17719--add-and-remove-ingredients-authenticated-tests/test-failed-1.png
    ────────────────────────────────────────────────────────────────────────────────────────────────

    attachment #2: video (video/webm) ──────────────────────────────────────────────────────────────
    ../../test-results/recipes-create-Create-Reci-17719--add-and-remove-ingredients-authenticated-tests/video.webm
    ────────────────────────────────────────────────────────────────────────────────────────────────

    Error Context: ../../test-results/recipes-create-Create-Reci-17719--add-and-remove-ingredients-authenticated-tests/error-context.md
]]>
</error>
</testcase>
<testcase name="Create Recipe › should cancel recipe creation" classname="recipes/create.spec.ts" time="30.487">
<system-out>
<![CDATA[
[[ATTACHMENT|recipes-create-Create-Recipe-should-cancel-recipe-creation-authenticated-tests/test-failed-1.png]]

[[ATTACHMENT|recipes-create-Create-Recipe-should-cancel-recipe-creation-authenticated-tests/video.webm]]

[[ATTACHMENT|recipes-create-Create-Recipe-should-cancel-recipe-creation-authenticated-tests/error-context.md]]
]]>
</system-out>
<error message="Test timeout of 30000ms exceeded." type="Error">
<![CDATA[  [authenticated-tests] › recipes/create.spec.ts:74:3 › Create Recipe › should cancel recipe creation 

    Test timeout of 30000ms exceeded.

    Error: locator.fill: Test timeout of 30000ms exceeded.
    Call log:
      - waiting for getByLabel(/title/i)


      76 |     
      77 |     // Fill in some data
    > 78 |     await authenticatedPage.getByLabel(/title/i).fill('Test Recipe');
         |                                                  ^
      79 |     
      80 |     // Click cancel
      81 |     await authenticatedPage.getByRole('button', { name: /cancel/i }).click();
        at /Users/erik/dev/mealplanner/frontend/e2e/tests/recipes/create.spec.ts:78:50

    attachment #1: screenshot (image/png) ──────────────────────────────────────────────────────────
    ../../test-results/recipes-create-Create-Recipe-should-cancel-recipe-creation-authenticated-tests/test-failed-1.png
    ────────────────────────────────────────────────────────────────────────────────────────────────

    attachment #2: video (video/webm) ──────────────────────────────────────────────────────────────
    ../../test-results/recipes-create-Create-Recipe-should-cancel-recipe-creation-authenticated-tests/video.webm
    ────────────────────────────────────────────────────────────────────────────────────────────────

    Error Context: ../../test-results/recipes-create-Create-Recipe-should-cancel-recipe-creation-authenticated-tests/error-context.md
]]>
</error>
</testcase>
</testsuite>
<testsuite name="recipes/delete.spec.ts" timestamp="2026-04-19T19:39:11.850Z" hostname="authenticated-tests" tests="3" failures="0" skipped="0" time="91.518" errors="3">
<testcase name="Delete Recipe › should delete a recipe with confirmation" classname="recipes/delete.spec.ts" time="30.5">
<system-out>
<![CDATA[
[[ATTACHMENT|recipes-delete-Delete-Reci-c92a1--a-recipe-with-confirmation-authenticated-tests/test-failed-1.png]]

[[ATTACHMENT|recipes-delete-Delete-Reci-c92a1--a-recipe-with-confirmation-authenticated-tests/video.webm]]

[[ATTACHMENT|recipes-delete-Delete-Reci-c92a1--a-recipe-with-confirmation-authenticated-tests/error-context.md]]
]]>
</system-out>
<error message="Test timeout of 30000ms exceeded." type="Error">
<![CDATA[  [authenticated-tests] › recipes/delete.spec.ts:4:3 › Delete Recipe › should delete a recipe with confirmation 

    Test timeout of 30000ms exceeded.

    Error: locator.click: Test timeout of 30000ms exceeded.
    Call log:
      - waiting for getByRole('link', { name: /view recipe/i }).first()


      10 |     
      11 |     // Click on first recipe
    > 12 |     await authenticatedPage.getByRole('link', { name: /view recipe/i }).first().click();
         |                                                                                 ^
      13 |     
      14 |     // Click delete button
      15 |     await authenticatedPage.getByRole('button', { name: /delete/i }).click();
        at /Users/erik/dev/mealplanner/frontend/e2e/tests/recipes/delete.spec.ts:12:81

    attachment #1: screenshot (image/png) ──────────────────────────────────────────────────────────
    ../../test-results/recipes-delete-Delete-Reci-c92a1--a-recipe-with-confirmation-authenticated-tests/test-failed-1.png
    ────────────────────────────────────────────────────────────────────────────────────────────────

    attachment #2: video (video/webm) ──────────────────────────────────────────────────────────────
    ../../test-results/recipes-delete-Delete-Reci-c92a1--a-recipe-with-confirmation-authenticated-tests/video.webm
    ────────────────────────────────────────────────────────────────────────────────────────────────

    Error Context: ../../test-results/recipes-delete-Delete-Reci-c92a1--a-recipe-with-confirmation-authenticated-tests/error-context.md
]]>
</error>
</testcase>
<testcase name="Delete Recipe › should cancel recipe deletion" classname="recipes/delete.spec.ts" time="30.503">
<system-out>
<![CDATA[
[[ATTACHMENT|recipes-delete-Delete-Recipe-should-cancel-recipe-deletion-authenticated-tests/test-failed-1.png]]

[[ATTACHMENT|recipes-delete-Delete-Recipe-should-cancel-recipe-deletion-authenticated-tests/video.webm]]

[[ATTACHMENT|recipes-delete-Delete-Recipe-should-cancel-recipe-deletion-authenticated-tests/error-context.md]]
]]>
</system-out>
<error message="Test timeout of 30000ms exceeded." type="Error">
<![CDATA[  [authenticated-tests] › recipes/delete.spec.ts:35:3 › Delete Recipe › should cancel recipe deletion 

    Test timeout of 30000ms exceeded.

    Error: locator.click: Test timeout of 30000ms exceeded.
    Call log:
      - waiting for getByRole('link', { name: /view recipe/i }).first()


      37 |     
      38 |     // Click on first recipe
    > 39 |     await authenticatedPage.getByRole('link', { name: /view recipe/i }).first().click();
         |                                                                                 ^
      40 |     const recipeUrl = authenticatedPage.url();
      41 |     
      42 |     // Click delete button
        at /Users/erik/dev/mealplanner/frontend/e2e/tests/recipes/delete.spec.ts:39:81

    attachment #1: screenshot (image/png) ──────────────────────────────────────────────────────────
    ../../test-results/recipes-delete-Delete-Recipe-should-cancel-recipe-deletion-authenticated-tests/test-failed-1.png
    ────────────────────────────────────────────────────────────────────────────────────────────────

    attachment #2: video (video/webm) ──────────────────────────────────────────────────────────────
    ../../test-results/recipes-delete-Delete-Recipe-should-cancel-recipe-deletion-authenticated-tests/video.webm
    ────────────────────────────────────────────────────────────────────────────────────────────────

    Error Context: ../../test-results/recipes-delete-Delete-Recipe-should-cancel-recipe-deletion-authenticated-tests/error-context.md
]]>
</error>
</testcase>
<testcase name="Delete Recipe › should only allow owner to delete recipe" classname="recipes/delete.spec.ts" time="30.515">
<system-out>
<![CDATA[
[[ATTACHMENT|recipes-delete-Delete-Reci-3cbee-llow-owner-to-delete-recipe-authenticated-tests/test-failed-1.png]]

[[ATTACHMENT|recipes-delete-Delete-Reci-3cbee-llow-owner-to-delete-recipe-authenticated-tests/video.webm]]

[[ATTACHMENT|recipes-delete-Delete-Reci-3cbee-llow-owner-to-delete-recipe-authenticated-tests/error-context.md]]
]]>
</system-out>
<error message="Test timeout of 30000ms exceeded." type="Error">
<![CDATA[  [authenticated-tests] › recipes/delete.spec.ts:58:3 › Delete Recipe › should only allow owner to delete recipe 

    Test timeout of 30000ms exceeded.

    Error: locator.click: Test timeout of 30000ms exceeded.
    Call log:
      - waiting for getByRole('link', { name: /view recipe/i }).first()


      63 |     // Try to find a recipe from another user (if any)
      64 |     // For now, we'll just verify the delete button exists for owned recipes
    > 65 |     await authenticatedPage.getByRole('link', { name: /view recipe/i }).first().click();
         |                                                                                 ^
      66 |     
      67 |     // Delete button should be visible for owned recipes
      68 |     const deleteButton = authenticatedPage.getByRole('button', { name: /delete/i });
        at /Users/erik/dev/mealplanner/frontend/e2e/tests/recipes/delete.spec.ts:65:81

    attachment #1: screenshot (image/png) ──────────────────────────────────────────────────────────
    ../../test-results/recipes-delete-Delete-Reci-3cbee-llow-owner-to-delete-recipe-authenticated-tests/test-failed-1.png
    ────────────────────────────────────────────────────────────────────────────────────────────────

    attachment #2: video (video/webm) ──────────────────────────────────────────────────────────────
    ../../test-results/recipes-delete-Delete-Reci-3cbee-llow-owner-to-delete-recipe-authenticated-tests/video.webm
    ────────────────────────────────────────────────────────────────────────────────────────────────

    Error Context: ../../test-results/recipes-delete-Delete-Reci-3cbee-llow-owner-to-delete-recipe-authenticated-tests/error-context.md
]]>
</error>
</testcase>
</testsuite>
<testsuite name="recipes/edit.spec.ts" timestamp="2026-04-19T19:39:11.850Z" hostname="authenticated-tests" tests="3" failures="0" skipped="0" time="91.551" errors="3">
<testcase name="Edit Recipe › should edit an existing recipe" classname="recipes/edit.spec.ts" time="30.522">
<system-out>
<![CDATA[
[[ATTACHMENT|recipes-edit-Edit-Recipe-should-edit-an-existing-recipe-authenticated-tests/test-failed-1.png]]

[[ATTACHMENT|recipes-edit-Edit-Recipe-should-edit-an-existing-recipe-authenticated-tests/video.webm]]

[[ATTACHMENT|recipes-edit-Edit-Recipe-should-edit-an-existing-recipe-authenticated-tests/error-context.md]]
]]>
</system-out>
<error message="Test timeout of 30000ms exceeded." type="Error">
<![CDATA[  [authenticated-tests] › recipes/edit.spec.ts:4:3 › Edit Recipe › should edit an existing recipe ──

    Test timeout of 30000ms exceeded.

    Error: locator.click: Test timeout of 30000ms exceeded.
    Call log:
      - waiting for getByRole('link', { name: /view recipe/i }).first()


       7 |     
       8 |     // Click on first recipe
    >  9 |     await authenticatedPage.getByRole('link', { name: /view recipe/i }).first().click();
         |                                                                                 ^
      10 |     
      11 |     // Click edit button
      12 |     await authenticatedPage.getByRole('button', { name: /edit/i }).click();
        at /Users/erik/dev/mealplanner/frontend/e2e/tests/recipes/edit.spec.ts:9:81

    attachment #1: screenshot (image/png) ──────────────────────────────────────────────────────────
    ../../test-results/recipes-edit-Edit-Recipe-should-edit-an-existing-recipe-authenticated-tests/test-failed-1.png
    ────────────────────────────────────────────────────────────────────────────────────────────────

    attachment #2: video (video/webm) ──────────────────────────────────────────────────────────────
    ../../test-results/recipes-edit-Edit-Recipe-should-edit-an-existing-recipe-authenticated-tests/video.webm
    ────────────────────────────────────────────────────────────────────────────────────────────────

    Error Context: ../../test-results/recipes-edit-Edit-Recipe-should-edit-an-existing-recipe-authenticated-tests/error-context.md
]]>
</error>
</testcase>
<testcase name="Edit Recipe › should cancel editing" classname="recipes/edit.spec.ts" time="30.523">
<system-out>
<![CDATA[
[[ATTACHMENT|recipes-edit-Edit-Recipe-should-cancel-editing-authenticated-tests/test-failed-1.png]]

[[ATTACHMENT|recipes-edit-Edit-Recipe-should-cancel-editing-authenticated-tests/video.webm]]

[[ATTACHMENT|recipes-edit-Edit-Recipe-should-cancel-editing-authenticated-tests/error-context.md]]
]]>
</system-out>
<error message="Test timeout of 30000ms exceeded." type="Error">
<![CDATA[  [authenticated-tests] › recipes/edit.spec.ts:40:3 › Edit Recipe › should cancel editing ──────────

    Test timeout of 30000ms exceeded.

    Error: locator.click: Test timeout of 30000ms exceeded.
    Call log:
      - waiting for getByRole('link', { name: /view recipe/i }).first()


      42 |     
      43 |     // Click on first recipe
    > 44 |     await authenticatedPage.getByRole('link', { name: /view recipe/i }).first().click();
         |                                                                                 ^
      45 |     const recipeUrl = authenticatedPage.url();
      46 |     
      47 |     // Click edit button
        at /Users/erik/dev/mealplanner/frontend/e2e/tests/recipes/edit.spec.ts:44:81

    attachment #1: screenshot (image/png) ──────────────────────────────────────────────────────────
    ../../test-results/recipes-edit-Edit-Recipe-should-cancel-editing-authenticated-tests/test-failed-1.png
    ────────────────────────────────────────────────────────────────────────────────────────────────

    attachment #2: video (video/webm) ──────────────────────────────────────────────────────────────
    ../../test-results/recipes-edit-Edit-Recipe-should-cancel-editing-authenticated-tests/video.webm
    ────────────────────────────────────────────────────────────────────────────────────────────────

    Error Context: ../../test-results/recipes-edit-Edit-Recipe-should-cancel-editing-authenticated-tests/error-context.md
]]>
</error>
</testcase>
<testcase name="Edit Recipe › should show validation errors when clearing required fields" classname="recipes/edit.spec.ts" time="30.506">
<system-out>
<![CDATA[
[[ATTACHMENT|recipes-edit-Edit-Recipe-s-a5f62-en-clearing-required-fields-authenticated-tests/test-failed-1.png]]

[[ATTACHMENT|recipes-edit-Edit-Recipe-s-a5f62-en-clearing-required-fields-authenticated-tests/video.webm]]

[[ATTACHMENT|recipes-edit-Edit-Recipe-s-a5f62-en-clearing-required-fields-authenticated-tests/error-context.md]]
]]>
</system-out>
<error message="Test timeout of 30000ms exceeded." type="Error">
<![CDATA[  [authenticated-tests] › recipes/edit.spec.ts:63:3 › Edit Recipe › should show validation errors when clearing required fields 

    Test timeout of 30000ms exceeded.

    Error: locator.click: Test timeout of 30000ms exceeded.
    Call log:
      - waiting for getByRole('link', { name: /view recipe/i }).first()


      65 |     
      66 |     // Click on first recipe
    > 67 |     await authenticatedPage.getByRole('link', { name: /view recipe/i }).first().click();
         |                                                                                 ^
      68 |     
      69 |     // Click edit button
      70 |     await authenticatedPage.getByRole('button', { name: /edit/i }).click();
        at /Users/erik/dev/mealplanner/frontend/e2e/tests/recipes/edit.spec.ts:67:81

    attachment #1: screenshot (image/png) ──────────────────────────────────────────────────────────
    ../../test-results/recipes-edit-Edit-Recipe-s-a5f62-en-clearing-required-fields-authenticated-tests/test-failed-1.png
    ────────────────────────────────────────────────────────────────────────────────────────────────

    attachment #2: video (video/webm) ──────────────────────────────────────────────────────────────
    ../../test-results/recipes-edit-Edit-Recipe-s-a5f62-en-clearing-required-fields-authenticated-tests/video.webm
    ────────────────────────────────────────────────────────────────────────────────────────────────

    Error Context: ../../test-results/recipes-edit-Edit-Recipe-s-a5f62-en-clearing-required-fields-authenticated-tests/error-context.md
]]>
</error>
</testcase>
</testsuite>
</testsuites>